<?xml version="1.0" encoding="UTF-8"?>
<!-- Generated by org.testng.reporters.JUnitReportReporter -->
<testsuite hostname="IN-FVFHN0SZQ05D.local" failures="0" tests="6" name="NAGP_DevTestOps.NAGP_DevTestOps.CalculatorTest" time="0.008" errors="0" timestamp="2024-10-13T12:13:57 IST" skipped="0">
  <testcase classname="NAGP_DevTestOps.NAGP_DevTestOps.CalculatorTest" name="testAdd" time="0.004"/>
  <system-out/>
  <testcase classname="NAGP_DevTestOps.NAGP_DevTestOps.CalculatorTest" name="testDivideByZero" time="0.001"/>
  <system-out/>
  <testcase classname="NAGP_DevTestOps.NAGP_DevTestOps.CalculatorTest" name="testSubtractPositiveResult" time="0.001"/>
  <system-out/>
  <testcase classname="NAGP_DevTestOps.NAGP_DevTestOps.CalculatorTest" name="testDivide" time="0.001"/>
  <system-out/>
  <testcase classname="NAGP_DevTestOps.NAGP_DevTestOps.CalculatorTest" name="testMultiply" time="0.001"/>
  <system-out/>
  <testcase classname="NAGP_DevTestOps.NAGP_DevTestOps.CalculatorTest" name="testSubtractNegativeResult" time="0.000"/>
  <system-out/>
</testsuite> <!-- NAGP_DevTestOps.NAGP_DevTestOps.CalculatorTest -->
